<?xml version="1.0" encoding="UTF-8"?>
<!-- Generated by org.testng.reporters.JUnitReportReporter -->
<testsuite skipped="0" hostname="DESKTOP-QORI3ML" name="com.qa.test.PageFactoryExample" tests="1" failures="0" timestamp="27 Sep 2018 23:56:46 GMT" time="75.756" errors="0">
  <testcase name="loginActiTimeApp" time="75.756" classname="com.qa.test.PageFactoryExample"/>
</testsuite> <!-- com.qa.test.PageFactoryExample -->
